<?xml version="1.0" encoding="UTF-8"?>
<!-- Generated by org.testng.reporters.JUnitReportReporter -->
<testsuite skipped="0" hostname="LAPTOP-5GG82L3V" name="mytestmaven.gitjenkin.jenkingit" tests="1" failures="0" timestamp="30 Dec 2017 13:44:08 GMT" time="14.237" errors="0">
  <testcase name="test" time="14.237" classname="mytestmaven.gitjenkin.jenkingit"/>
</testsuite> <!-- mytestmaven.gitjenkin.jenkingit -->
